<?xml version="1.0" encoding="UTF-8"?>
<!-- Generated by org.testng.reporters.JUnitXMLReporter -->
<testsuite ignored="4" hostname="LIN25009168" failures="0" tests="4" name="Car Loan" time="0.048" errors="0" timestamp="2023-02-17T15:01:26 IST">
  <testcase classname="Selenium.Class1" name="car1" time="0.009"/>
  <testcase classname="Selenium.Class1" name="car2" time="0.001"/>
  <testcase classname="Selenium.Class2" name="car3" time="0.001"/>
  <testcase classname="Selenium.Class3" name="home1" time="0.001"/>
  <testcase classname="Selenium.Class3" name="home3" time="0.0">
    <ignored/>
  </testcase> <!-- home3 -->
  <testcase classname="Selenium.Class2" name="car4" time="0.0">
    <ignored/>
  </testcase> <!-- car4 -->
  <testcase classname="Selenium.Class3" name="home2" time="0.0">
    <ignored/>
  </testcase> <!-- home2 -->
  <testcase classname="Selenium.Class3" name="home4" time="0.0">
    <ignored/>
  </testcase> <!-- home4 -->
</testsuite> <!-- Car Loan -->
