<?xml version="1.0" encoding="UTF-8"?>
<!-- Generated by org.testng.reporters.JUnitXMLReporter -->
<testsuite ignored="1" hostname="LIN25009168" failures="0" tests="2" name="Framework run" time="59.421" errors="0" timestamp="23 Feb 2023 10:08:40 GMT">
  <testcase classname="TestCases.Framework" name="submitorder" time="23.113"/>
  <testcase classname="TestCases.Framework" name="submitorder" time="23.174"/>
  <testcase classname="TestCases.Framework" name="OrdersPage" time="0.0">
    <ignored/>
  </testcase> <!-- OrdersPage -->
</testsuite> <!-- Framework run -->
