<?xml version="1.0" encoding="UTF-8"?>
<!-- Generated by org.testng.reporters.JUnitXMLReporter -->
<testsuite ignored="0" hostname="LIN25009168" failures="0" tests="4" name="HomeLoan" time="0.009" errors="0" timestamp="2023-02-17T13:42:36 IST">
  <testcase classname="Selenium.Class3" name="home1" time="0.001"/>
  <testcase classname="Selenium.Class3" name="home2" time="0.0"/>
  <testcase classname="Selenium.Class3" name="home3" time="0.0"/>
  <testcase classname="Selenium.Class3" name="home4" time="0.001"/>
</testsuite> <!-- HomeLoan -->
