<?xml version="1.0" encoding="UTF-8"?>
<!-- Generated by org.testng.reporters.JUnitXMLReporter -->
<testsuite ignored="0" hostname="LIN25009168" failures="0" tests="5" name="Test" time="30.908" errors="0" timestamp="2023-02-21T11:56:20 IST">
  <testcase classname="TestCases.ErrorValidations" name="Loginemailblank" time="0.181"/>
  <testcase classname="TestCases.ErrorValidations" name="Loginerrorvalidation" time="0.939"/>
  <testcase classname="TestCases.ErrorValidations" name="Loginerrorvalidation1" time="1.282"/>
  <testcase classname="TestCases.ErrorValidations" name="Loginpasswordblank" time="0.206"/>
  <testcase classname="TestCases.ErrorValidations" name="Producterrorvalidation" time="6.683"/>
</testsuite> <!-- Test -->
