<?xml version="1.0" encoding="UTF-8"?>
<testng-results ignored="0" total="2" passed="2" failed="0" skipped="0">
  <reporter-output>
  </reporter-output>
  <suite started-at="2023-02-25T07:32:03Z" name="Suite" finished-at="2023-02-25T07:32:58Z" duration-ms="55026">
    <groups>
    </groups>
    <test started-at="2023-02-25T07:32:03Z" name="Submit run" finished-at="2023-02-25T07:32:58Z" duration-ms="55026">
      <class name="TestCases.Framework">
        <test-method is-config="true" signature="extentreport()[pri:0, instance:TestCases.Framework@7642df8f]" started-at="2023-02-25T07:32:03Z" name="extentreport" finished-at="2023-02-25T07:32:03Z" duration-ms="12" status="PASS">
          <reporter-output>
          </reporter-output>
        </test-method> <!-- extentreport -->
        <test-method is-config="true" signature="launchapplication()[pri:0, instance:TestCases.Framework@7642df8f]" started-at="2023-02-25T07:32:03Z" name="launchapplication" finished-at="2023-02-25T07:32:07Z" duration-ms="4339" status="PASS">
          <reporter-output>
          </reporter-output>
        </test-method> <!-- launchapplication -->
        <test-method signature="submitorder(java.util.HashMap)[pri:0, instance:TestCases.Framework@7642df8f]" started-at="2023-02-25T07:32:07Z" name="submitorder" data-provider="getData" finished-at="2023-02-25T07:32:31Z" duration-ms="23214" status="PASS">
          <params>
            <param index="0">
              <value>
                <![CDATA[{password=Test@123, product=IPHONE 13 PRO, email=anandsoni@test.com}]]>
              </value>
            </param>
          </params>
          <reporter-output>
          </reporter-output>
        </test-method> <!-- submitorder -->
        <test-method is-config="true" signature="tearDown()[pri:0, instance:TestCases.Framework@7642df8f]" started-at="2023-02-25T07:32:31Z" name="tearDown" finished-at="2023-02-25T07:32:31Z" duration-ms="782" status="PASS">
          <reporter-output>
          </reporter-output>
        </test-method> <!-- tearDown -->
        <test-method is-config="true" signature="launchapplication()[pri:0, instance:TestCases.Framework@7642df8f]" started-at="2023-02-25T07:32:31Z" name="launchapplication" finished-at="2023-02-25T07:32:34Z" duration-ms="2509" status="PASS">
          <reporter-output>
          </reporter-output>
        </test-method> <!-- launchapplication -->
        <test-method signature="submitorder(java.util.HashMap)[pri:0, instance:TestCases.Framework@7642df8f]" started-at="2023-02-25T07:32:34Z" name="submitorder" data-provider="getData" finished-at="2023-02-25T07:32:57Z" duration-ms="23112" status="PASS">
          <params>
            <param index="0">
              <value>
                <![CDATA[{password=Sameer@123, product=ZARA COAT 3, email=sameer@test.com}]]>
              </value>
            </param>
          </params>
          <reporter-output>
          </reporter-output>
        </test-method> <!-- submitorder -->
        <test-method is-config="true" signature="tearDown()[pri:0, instance:TestCases.Framework@7642df8f]" started-at="2023-02-25T07:32:57Z" name="tearDown" finished-at="2023-02-25T07:32:58Z" duration-ms="792" status="PASS">
          <reporter-output>
          </reporter-output>
        </test-method> <!-- tearDown -->
      </class> <!-- TestCases.Framework -->
    </test> <!-- Submit run -->
  </suite> <!-- Suite -->
</testng-results>
