<?xml version="1.0" encoding="UTF-8"?>
<testng-results ignored="0" total="2" passed="2" failed="0" skipped="0">
  <reporter-output>
  </reporter-output>
  <suite started-at="2023-03-01T17:48:09 IST" name="Suite" finished-at="2023-03-01T17:49:59 IST" duration-ms="109824">
    <groups>
    </groups>
    <test started-at="2023-03-01T17:48:09 IST" name="Submitrun" finished-at="2023-03-01T17:49:59 IST" duration-ms="109824">
      <class name="TestCases.Framework">
        <test-method is-config="true" signature="extentreport()[pri:0, instance:TestCases.Framework@6692b6c6]" started-at="2023-03-01T17:48:09 IST" name="extentreport" finished-at="2023-03-01T17:48:09 IST" duration-ms="25" status="PASS">
          <reporter-output>
          </reporter-output>
        </test-method> <!-- extentreport -->
        <test-method is-config="true" signature="launchapplication()[pri:0, instance:TestCases.Framework@6692b6c6]" started-at="2023-03-01T17:48:10 IST" name="launchapplication" finished-at="2023-03-01T17:48:39 IST" duration-ms="29238" status="PASS">
          <reporter-output>
          </reporter-output>
        </test-method> <!-- launchapplication -->
        <test-method signature="submitorder(java.util.HashMap)[pri:0, instance:TestCases.Framework@6692b6c6]" started-at="2023-03-01T17:48:39 IST" name="submitorder" data-provider="getData" finished-at="2023-03-01T17:49:06 IST" duration-ms="27268" status="PASS">
          <params>
            <param index="0">
              <value>
                <![CDATA[{password=Test@123, product=IPHONE 13 PRO, email=anandsoni@test.com}]]>
              </value>
            </param>
          </params>
          <reporter-output>
          </reporter-output>
        </test-method> <!-- submitorder -->
        <test-method is-config="true" signature="tearDown()[pri:0, instance:TestCases.Framework@6692b6c6]" started-at="2023-03-01T17:49:06 IST" name="tearDown" finished-at="2023-03-01T17:49:08 IST" duration-ms="1634" status="PASS">
          <reporter-output>
          </reporter-output>
        </test-method> <!-- tearDown -->
        <test-method is-config="true" signature="launchapplication()[pri:0, instance:TestCases.Framework@6692b6c6]" started-at="2023-03-01T17:49:08 IST" name="launchapplication" finished-at="2023-03-01T17:49:22 IST" duration-ms="13848" status="PASS">
          <reporter-output>
          </reporter-output>
        </test-method> <!-- launchapplication -->
        <test-method signature="submitorder(java.util.HashMap)[pri:0, instance:TestCases.Framework@6692b6c6]" started-at="2023-03-01T17:49:22 IST" name="submitorder" data-provider="getData" finished-at="2023-03-01T17:49:48 IST" duration-ms="26187" status="PASS">
          <params>
            <param index="0">
              <value>
                <![CDATA[{password=Sameer@123, product=ZARA COAT 3, email=sameer@test.com}]]>
              </value>
            </param>
          </params>
          <reporter-output>
          </reporter-output>
        </test-method> <!-- submitorder -->
        <test-method is-config="true" signature="tearDown()[pri:0, instance:TestCases.Framework@6692b6c6]" started-at="2023-03-01T17:49:48 IST" name="tearDown" finished-at="2023-03-01T17:49:59 IST" duration-ms="10875" status="PASS">
          <reporter-output>
          </reporter-output>
        </test-method> <!-- tearDown -->
      </class> <!-- TestCases.Framework -->
    </test> <!-- Submitrun -->
  </suite> <!-- Suite -->
</testng-results>
